<?xml version="1.0" encoding="UTF-8"?>
<!-- Generated by org.testng.reporters.JUnitReportReporter -->
<testsuite hostname="SDET-LT129" failures="0" tests="2" name="testcases.first_test" time="5.093" errors="0" timestamp="2025-03-04T10:38:05 IST" skipped="0">
  <testcase classname="testcases.first_test" name="login" time="4.618"/>
  <testcase classname="testcases.first_test" name="login" time="0.475"/>
</testsuite> <!-- testcases.first_test -->
