<?xml version="1.0" encoding="UTF-8"?>
<!-- Generated by org.testng.reporters.JUnitReportReporter -->
<testsuite hostname="SDET-LT129" failures="0" tests="2" name="testcases.first_test" time="4.596" errors="0" timestamp="2025-03-05T12:42:18 IST" skipped="0">
  <testcase classname="testcases.first_test" name="login" time="0.114"/>
  <testcase classname="testcases.first_test" name="login" time="4.482"/>
</testsuite> <!-- testcases.first_test -->
